20:37:49.855 INFO Test execution started: login.login
20:37:49.855 INFO Browser: chrome
20:37:49.856 INFO Test started: test
20:37:49.856 INFO Navigate to: 'https://staging.nalarocks.com/sign-in'
20:37:51.933 INFO Write 'nala@nalarocks.com' in element div[data-testid="input-text-controller"]>div[class="MuiInputBase-root MuiOutlinedInput-root MuiInputBase-fullWidth MuiInputBase-formControl"]>input
20:37:51.986 INFO Write '12341234' in element div[data-testid="password-input-controller"]>input
20:37:52.015 INFO Waiting for 2 seconds
20:37:54.039 INFO Click button[class="MuiButtonBase-root MuiButton-root MuiButton-text sc-bdvvtL dfZNzl submit general sc-eEvSnX YjAsf MuiButton-fullWidth"]
20:37:54.082 INFO Waiting for 5 seconds
20:37:59.120 ERROR ElementNotFound: Element p[class="MuiButtonBase-root MuiButton-root MuiButton-text sc-bdvvtL dfZNzl submit general sc-eEvSnX YjAsf MuiButton-fullWidth"] not found using selector css:'p[class="MuiButtonBase-root MuiButton-root MuiButton-text sc-bdvvtL dfZNzl submit general sc-eEvSnX YjAsf MuiButton-fullWidth"]'
Traceback (most recent call last):
  File "/home/lautaro/env/lib/python3.10/site-packages/golem/test_runner/test_runner.py", line 202, in run_test_function
    f(execution.data)
  File "/home/lautaro/test_directory/projects/nala/tests/login/login.py", line 12, in test
    verify_element_displayed('p[class="MuiButtonBase-root MuiButton-root MuiButton-text sc-bdvvtL dfZNzl submit general sc-eEvSnX YjAsf MuiButton-fullWidth"]')
  File "/home/lautaro/env/lib/python3.10/site-packages/golem/actions.py", line 2013, in verify_element_displayed
    element = get_browser().find(element, timeout=0, wait_displayed=False)
  File "/home/lautaro/env/lib/python3.10/site-packages/golem/webdriver/extended_driver.py", line 177, in find
    return common._find(self, element, id, name, link_text, partial_link_text, css,
  File "/home/lautaro/env/lib/python3.10/site-packages/golem/webdriver/common.py", line 130, in _find
    webelement = _find_webelement(self, selector_type, selector_value, element_name,
  File "/home/lautaro/env/lib/python3.10/site-packages/golem/webdriver/common.py", line 46, in _find_webelement
    raise ElementNotFound('Element {0} not found using selector {1}:\'{2}\''
golem.core.exceptions.ElementNotFound: Element p[class="MuiButtonBase-root MuiButton-root MuiButton-text sc-bdvvtL dfZNzl submit general sc-eEvSnX YjAsf MuiButton-fullWidth"] not found using selector css:'p[class="MuiButtonBase-root MuiButton-root MuiButton-text sc-bdvvtL dfZNzl submit general sc-eEvSnX YjAsf MuiButton-fullWidth"]'
20:37:59.293 INFO Test Result: CODE ERROR
