2022-08-30 20:13:08,428 root INFO Test execution started: login.login
2022-08-30 20:13:08,428 root INFO Browser: chrome
2022-08-30 20:13:08,428 root INFO Test started: test
2022-08-30 20:13:08,428 root INFO Navigate to: 'https://staging.nalarocks.com/sign-in'
2022-08-30 20:13:09,433 selenium.webdriver.remote.remote_connection DEBUG POST http://127.0.0.1:34087/session {"capabilities": {"firstMatch": [{}], "alwaysMatch": {"browserName": "chrome", "platformName": "any", "goog:chromeOptions": {"extensions": [], "args": ["start-maximized"]}}}, "desiredCapabilities": {"browserName": "chrome", "version": "", "platform": "ANY", "goog:chromeOptions": {"extensions": [], "args": ["start-maximized"]}}}
2022-08-30 20:13:09,434 urllib3.connectionpool DEBUG Starting new HTTP connection (1): 127.0.0.1:34087
2022-08-30 20:13:09,788 urllib3.connectionpool DEBUG http://127.0.0.1:34087 "POST /session HTTP/1.1" 200 754
2022-08-30 20:13:09,789 selenium.webdriver.remote.remote_connection DEBUG Finished Request
2022-08-30 20:13:09,789 selenium.webdriver.remote.remote_connection DEBUG POST http://127.0.0.1:34087/session/71259aa315dfd2a3075c452a298ac1b0/window/maximize {}
2022-08-30 20:13:09,806 urllib3.connectionpool DEBUG http://127.0.0.1:34087 "POST /session/71259aa315dfd2a3075c452a298ac1b0/window/maximize HTTP/1.1" 200 50
2022-08-30 20:13:09,806 selenium.webdriver.remote.remote_connection DEBUG Finished Request
2022-08-30 20:13:09,806 selenium.webdriver.remote.remote_connection DEBUG POST http://127.0.0.1:34087/session/71259aa315dfd2a3075c452a298ac1b0/url {"url": "https://staging.nalarocks.com/sign-in"}
2022-08-30 20:13:10,831 urllib3.connectionpool DEBUG http://127.0.0.1:34087 "POST /session/71259aa315dfd2a3075c452a298ac1b0/url HTTP/1.1" 200 14
2022-08-30 20:13:10,832 selenium.webdriver.remote.remote_connection DEBUG Finished Request
2022-08-30 20:13:11,332 root DEBUG Element not found yet, remaining time: 19.50
2022-08-30 20:13:11,833 root DEBUG Element not found yet, remaining time: 19.00
2022-08-30 20:13:12,334 root DEBUG Element not found yet, remaining time: 18.50
2022-08-30 20:13:12,835 root DEBUG Element not found yet, remaining time: 18.00
2022-08-30 20:13:13,336 root DEBUG Element not found yet, remaining time: 17.50
2022-08-30 20:13:13,837 root DEBUG Element not found yet, remaining time: 17.00
2022-08-30 20:13:14,338 root DEBUG Element not found yet, remaining time: 16.49
2022-08-30 20:13:14,838 root DEBUG Element not found yet, remaining time: 15.99
2022-08-30 20:13:15,339 root DEBUG Element not found yet, remaining time: 15.49
2022-08-30 20:13:15,840 root DEBUG Element not found yet, remaining time: 14.99
2022-08-30 20:13:16,341 root DEBUG Element not found yet, remaining time: 14.49
2022-08-30 20:13:16,842 root DEBUG Element not found yet, remaining time: 13.99
2022-08-30 20:13:17,343 root DEBUG Element not found yet, remaining time: 13.49
2022-08-30 20:13:17,843 root DEBUG Element not found yet, remaining time: 12.99
2022-08-30 20:13:18,344 root DEBUG Element not found yet, remaining time: 12.49
2022-08-30 20:13:18,845 root DEBUG Element not found yet, remaining time: 11.99
2022-08-30 20:13:19,346 root DEBUG Element not found yet, remaining time: 11.49
2022-08-30 20:13:19,847 root DEBUG Element not found yet, remaining time: 10.98
2022-08-30 20:13:20,348 root DEBUG Element not found yet, remaining time: 10.48
2022-08-30 20:13:20,849 root DEBUG Element not found yet, remaining time: 9.98
2022-08-30 20:13:21,349 root DEBUG Element not found yet, remaining time: 9.48
2022-08-30 20:13:21,850 root DEBUG Element not found yet, remaining time: 8.98
2022-08-30 20:13:22,351 root DEBUG Element not found yet, remaining time: 8.48
2022-08-30 20:13:22,852 root DEBUG Element not found yet, remaining time: 7.98
2022-08-30 20:13:23,353 root DEBUG Element not found yet, remaining time: 7.48
2022-08-30 20:13:23,853 root DEBUG Element not found yet, remaining time: 6.98
2022-08-30 20:13:24,354 root DEBUG Element not found yet, remaining time: 6.48
2022-08-30 20:13:24,854 root DEBUG Element not found yet, remaining time: 5.98
2022-08-30 20:13:25,355 root DEBUG Element not found yet, remaining time: 5.48
2022-08-30 20:13:25,856 root DEBUG Element not found yet, remaining time: 4.98
2022-08-30 20:13:26,356 root DEBUG Element not found yet, remaining time: 4.48
2022-08-30 20:13:26,857 root DEBUG Element not found yet, remaining time: 3.97
2022-08-30 20:13:27,358 root DEBUG Element not found yet, remaining time: 3.47
2022-08-30 20:13:27,859 root DEBUG Element not found yet, remaining time: 2.97
2022-08-30 20:13:28,360 root DEBUG Element not found yet, remaining time: 2.47
2022-08-30 20:13:28,861 root DEBUG Element not found yet, remaining time: 1.97
2022-08-30 20:13:29,362 root DEBUG Element not found yet, remaining time: 1.47
2022-08-30 20:13:29,863 root DEBUG Element not found yet, remaining time: 0.97
2022-08-30 20:13:30,364 root DEBUG Element not found yet, remaining time: 0.47
2022-08-30 20:13:30,865 root DEBUG Element not found yet, remaining time: -0.03
2022-08-30 20:13:30,868 root ERROR ElementNotFound: Element MuiInputBase-input MuiOutlinedInput-input not found using selector class:'MuiInputBase-input MuiOutlinedInput-input'
Traceback (most recent call last):
  File "/home/lautaro/env/lib/python3.10/site-packages/golem/test_runner/test_runner.py", line 202, in run_test_function
    f(execution.data)
  File "/home/lautaro/test_directory/projects/nala/tests/login/login.py", line 7, in test
    send_keys(('class', 'MuiInputBase-input MuiOutlinedInput-input'), 'Messi')
  File "/home/lautaro/env/lib/python3.10/site-packages/golem/actions.py", line 1576, in send_keys
    element = get_browser().find(element)
  File "/home/lautaro/env/lib/python3.10/site-packages/golem/webdriver/extended_driver.py", line 177, in find
    return common._find(self, element, id, name, link_text, partial_link_text, css,
  File "/home/lautaro/env/lib/python3.10/site-packages/golem/webdriver/common.py", line 130, in _find
    webelement = _find_webelement(self, selector_type, selector_value, element_name,
  File "/home/lautaro/env/lib/python3.10/site-packages/golem/webdriver/common.py", line 46, in _find_webelement
    raise ElementNotFound('Element {0} not found using selector {1}:\'{2}\''
golem.core.exceptions.ElementNotFound: Element MuiInputBase-input MuiOutlinedInput-input not found using selector class:'MuiInputBase-input MuiOutlinedInput-input'
2022-08-30 20:13:30,869 selenium.webdriver.remote.remote_connection DEBUG GET http://127.0.0.1:34087/session/71259aa315dfd2a3075c452a298ac1b0/screenshot {}
2022-08-30 20:13:30,988 urllib3.connectionpool DEBUG http://127.0.0.1:34087 "GET /session/71259aa315dfd2a3075c452a298ac1b0/screenshot HTTP/1.1" 200 129744
2022-08-30 20:13:30,988 selenium.webdriver.remote.remote_connection DEBUG Finished Request
2022-08-30 20:13:30,989 root INFO Test Result: CODE ERROR
2022-08-30 20:13:30,989 root DEBUG test does not have a teardown function
2022-08-30 20:13:30,989 selenium.webdriver.remote.remote_connection DEBUG DELETE http://127.0.0.1:34087/session/71259aa315dfd2a3075c452a298ac1b0 {}
2022-08-30 20:13:31,040 urllib3.connectionpool DEBUG http://127.0.0.1:34087 "DELETE /session/71259aa315dfd2a3075c452a298ac1b0 HTTP/1.1" 200 14
2022-08-30 20:13:31,041 selenium.webdriver.remote.remote_connection DEBUG Finished Request
